Using pre-set license
Built from '2020.3/staging' branch; Version is '2020.3.25f1 (9b9180224418) revision 10195328'; Using compiler version '192528614'; Build Type 'Release'
OS: 'Windows 10  (10.0.19043) 64bit Core' Language: 'en' Physical Memory: 32677 MB
BatchMode: 1, IsHumanControllingUs: 0, StartBugReporterOnCrash: 0, Is64bit: 1, IsPro: 0

COMMAND LINE ARGUMENTS:
C:\Program Files\Unity\Hub\Editor\2020.3.25f1\Editor\Unity.exe
-adb2
-batchMode
-noUpm
-name
AssetImportWorker0
-projectPath
C:/Users/Matthew Engurasoff/Documents/GitHub/VGDC-TH2022-BoatStarter/BoatStarter
-logFile
Logs/AssetImportWorker0.log
-srvPort
53139
Successfully changed project path to: C:/Users/Matthew Engurasoff/Documents/GitHub/VGDC-TH2022-BoatStarter/BoatStarter
C:/Users/Matthew Engurasoff/Documents/GitHub/VGDC-TH2022-BoatStarter/BoatStarter
Using Asset Import Pipeline V2.
Refreshing native plugins compatible for Editor in 23.34 ms, found 2 plugins.
Preloading 0 native plugins for Editor in 0.00 ms.
Initialize engine version: 2020.3.25f1 (9b9180224418)
[Subsystems] Discovering subsystems at path C:/Program Files/Unity/Hub/Editor/2020.3.25f1/Editor/Data/Resources/UnitySubsystems
[Subsystems] Discovering subsystems at path C:/Users/Matthew Engurasoff/Documents/GitHub/VGDC-TH2022-BoatStarter/BoatStarter/Assets
GfxDevice: creating device client; threaded=0
Direct3D:
    Version:  Direct3D 11.0 [level 11.1]
    Renderer: NVIDIA GeForce RTX 3080 (ID=0x2206)
    Vendor:   
    VRAM:     10078 MB
    Driver:   30.0.14.9729
Initialize mono
Mono path[0] = 'C:/Program Files/Unity/Hub/Editor/2020.3.25f1/Editor/Data/Managed'
Mono path[1] = 'C:/Program Files/Unity/Hub/Editor/2020.3.25f1/Editor/Data/MonoBleedingEdge/lib/mono/unityjit'
Mono config path = 'C:/Program Files/Unity/Hub/Editor/2020.3.25f1/Editor/Data/MonoBleedingEdge/etc'
Using monoOptions --debugger-agent=transport=dt_socket,embedding=1,server=y,suspend=n,address=127.0.0.1:56328
Begin MonoManager ReloadAssembly
Registering precompiled unity dll's ...
Register platform support module: C:/Program Files/Unity/Hub/Editor/2020.3.25f1/Editor/Data/PlaybackEngines/WebGLSupport/UnityEditor.WebGL.Extensions.dll
Register platform support module: C:/Program Files/Unity/Hub/Editor/2020.3.25f1/Editor/Data/PlaybackEngines/MacStandaloneSupport/UnityEditor.OSXStandalone.Extensions.dll
Register platform support module: C:/Program Files/Unity/Hub/Editor/2020.3.25f1/Editor/Data/PlaybackEngines/WindowsStandaloneSupport/UnityEditor.WindowsStandalone.Extensions.dll
Registered in 0.002743 seconds.
Native extension for WindowsStandalone target not found
Native extension for OSXStandalone target not found
Native extension for WebGL target not found
Refreshing native plugins compatible for Editor in 20.95 ms, found 2 plugins.
Preloading 0 native plugins for Editor in 0.00 ms.
Mono: successfully reloaded assembly
- Completed reload, in  0.397 seconds
Domain Reload Profiling:
	ReloadAssembly (397ms)
		BeginReloadAssembly (43ms)
			ExecutionOrderSort (0ms)
			DisableScriptedObjects (0ms)
			BackupInstance (0ms)
			ReleaseScriptingObjects (0ms)
			CreateAndSetChildDomain (1ms)
		EndReloadAssembly (299ms)
			LoadAssemblies (41ms)
			RebuildTransferFunctionScriptingTraits (0ms)
			SetupTypeCache (95ms)
			ReleaseScriptCaches (0ms)
			RebuildScriptCaches (19ms)
			SetupLoadedEditorAssemblies (117ms)
				LogAssemblyErrors (0ms)
				InitializePlatformSupportModulesInManaged (5ms)
				SetLoadedEditorAssemblies (0ms)
				RefreshPlugins (21ms)
				BeforeProcessingInitializeOnLoad (13ms)
				ProcessInitializeOnLoadAttributes (58ms)
				ProcessInitializeOnLoadMethodAttributes (20ms)
				AfterProcessingInitializeOnLoad (0ms)
				EditorAssembliesLoaded (0ms)
			ExecutionOrderSort2 (0ms)
			AwakeInstancesAfterBackupRestoration (0ms)
Platform modules already initialized, skipping
Registering precompiled user dll's ...
Registered in 0.013314 seconds.
Begin MonoManager ReloadAssembly
Native extension for WindowsStandalone target not found
Native extension for OSXStandalone target not found
Native extension for WebGL target not found
Refreshing native plugins compatible for Editor in 0.37 ms, found 2 plugins.
Preloading 0 native plugins for Editor in 0.00 ms.
Mono: successfully reloaded assembly
- Completed reload, in  0.652 seconds
Domain Reload Profiling:
	ReloadAssembly (653ms)
		BeginReloadAssembly (97ms)
			ExecutionOrderSort (0ms)
			DisableScriptedObjects (3ms)
			BackupInstance (0ms)
			ReleaseScriptingObjects (0ms)
			CreateAndSetChildDomain (16ms)
		EndReloadAssembly (514ms)
			LoadAssemblies (62ms)
			RebuildTransferFunctionScriptingTraits (0ms)
			SetupTypeCache (168ms)
			ReleaseScriptCaches (0ms)
			RebuildScriptCaches (26ms)
			SetupLoadedEditorAssemblies (205ms)
				LogAssemblyErrors (0ms)
				InitializePlatformSupportModulesInManaged (4ms)
				SetLoadedEditorAssemblies (0ms)
				RefreshPlugins (0ms)
				BeforeProcessingInitializeOnLoad (53ms)
				ProcessInitializeOnLoadAttributes (134ms)
				ProcessInitializeOnLoadMethodAttributes (6ms)
				AfterProcessingInitializeOnLoad (6ms)
				EditorAssembliesLoaded (0ms)
			ExecutionOrderSort2 (0ms)
			AwakeInstancesAfterBackupRestoration (4ms)
Platform modules already initialized, skipping
========================================================================
Worker process is ready to serve import requests
Launched and connected shader compiler UnityShaderCompiler.exe after 0.08 seconds
Refreshing native plugins compatible for Editor in 0.35 ms, found 2 plugins.
Preloading 0 native plugins for Editor in 0.00 ms.
Unloading 1500 Unused Serialized files (Serialized files now loaded: 0)
System memory in use before: 67.9 MB.
System memory in use after: 68.0 MB.

Unloading 19 unused Assets to reduce memory usage. Loaded Objects now: 1932.
Total: 2.314700 ms (FindLiveObjects: 0.124500 ms CreateObjectMapping: 0.035000 ms MarkObjects: 2.101200 ms  DeleteObjects: 0.053000 ms)

AssetImportParameters requested are different than current active one (requested -> active):
  custom:framework-win-MediaFoundation: 216162199b28c13a410421893ffa2e32 -> 
  custom:video-decoder-ogg-theora: a1e56fd34408186e4bbccfd4996cb3dc -> 
  custom:container-muxer-webm: aa71ff27fc2769a1b78a27578f13a17b -> 
  custom:container-demuxer-webm: 4f35f7cbe854078d1ac9338744f61a02 -> 
  custom:container-demuxer-ogg: 62fdf1f143b41e24485cea50d1cbac27 -> 
  custom:video-encoder-webm-vp8: eb34c28f22e8b96e1ab97ce403110664 -> 
  custom:video-decoder-webm-vp8: 9c59270c3fd7afecdb556c50c9e8de78 -> 
  custom:audio-decoder-ogg-vorbis: bf7c407c2cedff20999df2af8eb42d56 -> 
  custom:audio-encoder-webm-vorbis: bf7c407c2cedff20999df2af8eb42d56 -> 
========================================================================
Received Import Request.
  path: Assets
  artifactKey: Guid(00000000000000001000000000000000) Importer(815301076,1909f56bfc062723c751e8b465ee728b)
Start importing Assets using Guid(00000000000000001000000000000000) Importer(815301076,1909f56bfc062723c751e8b465ee728b)  -> (artifact id: '42d402b061de3733987d63b9cc3b64de') in 0.006122 seconds 
  Import took 0.008040 seconds .

========================================================================
Received Import Request.
  Time since last request: 76.339413 seconds.
  path: Assets/Art
  artifactKey: Guid(c435ecf41d2163549acd3c3c7615685a) Importer(815301076,1909f56bfc062723c751e8b465ee728b)
Start importing Assets/Art using Guid(c435ecf41d2163549acd3c3c7615685a) Importer(815301076,1909f56bfc062723c751e8b465ee728b)  -> (artifact id: 'e6407e8516b617f6c6d69a9edb5d1037') in 0.003417 seconds 
  Import took 0.005496 seconds .

========================================================================
Received Import Request.
  Time since last request: 41.944458 seconds.
  path: Assets/Art/boat.fbx
  artifactKey: Guid(0914d908a0f7f6247b69e30d4eee2bd4) Importer(815301076,1909f56bfc062723c751e8b465ee728b)
Start importing Assets/Art/boat.fbx using Guid(0914d908a0f7f6247b69e30d4eee2bd4) Importer(815301076,1909f56bfc062723c751e8b465ee728b)  -> (artifact id: '0a764792266c1d98205af2c0cb14da37') in 0.314425 seconds 
  Import took 0.316902 seconds .

========================================================================
Received Import Request.
  Time since last request: 0.000271 seconds.
  path: Assets/Art/dock.fbx
  artifactKey: Guid(0cb1c281413458145af68461326b833b) Importer(815301076,1909f56bfc062723c751e8b465ee728b)
Start importing Assets/Art/dock.fbx using Guid(0cb1c281413458145af68461326b833b) Importer(815301076,1909f56bfc062723c751e8b465ee728b)  -> (artifact id: '0c289c43be8bccf500cb2d21d6b06818') in 0.031621 seconds 
  Import took 0.033461 seconds .

========================================================================
Received Import Request.
  Time since last request: 0.000283 seconds.
  path: Assets/Art/trash.fbx
  artifactKey: Guid(3ebe433ba22dc724389da82fe3a55e6a) Importer(815301076,1909f56bfc062723c751e8b465ee728b)
Start importing Assets/Art/trash.fbx using Guid(3ebe433ba22dc724389da82fe3a55e6a) Importer(815301076,1909f56bfc062723c751e8b465ee728b)  -> (artifact id: '89be329d3390e258451441e23f4110b7') in 0.028718 seconds 
  Import took 0.030728 seconds .

========================================================================
Received Import Request.
  Time since last request: 0.000272 seconds.
  path: Assets/Art/FBXImporter.preset
  artifactKey: Guid(991856cf5d35c1d4d84656b27290442e) Importer(815301076,1909f56bfc062723c751e8b465ee728b)
Start importing Assets/Art/FBXImporter.preset using Guid(991856cf5d35c1d4d84656b27290442e) Importer(815301076,1909f56bfc062723c751e8b465ee728b)  -> (artifact id: 'a4d98e696e9f9cb0237a8da7f38b275f') in 0.007930 seconds 
  Import took 0.010035 seconds .

========================================================================
Received Import Request.
  Time since last request: 11.450238 seconds.
  path: Assets/Prefabs
  artifactKey: Guid(4795b2c4f8fd35e4e9c28309ca8dbdc7) Importer(815301076,1909f56bfc062723c751e8b465ee728b)
Start importing Assets/Prefabs using Guid(4795b2c4f8fd35e4e9c28309ca8dbdc7) Importer(815301076,1909f56bfc062723c751e8b465ee728b)  -> (artifact id: '53fd87167b7f1ad9a5deddf3adea05a0') in 0.005754 seconds 
  Import took 0.007810 seconds .

========================================================================
Received Import Request.
  Time since last request: 6.022765 seconds.
  path: Assets/Scripts
  artifactKey: Guid(67b6ab0b2e8539347ad4db28dff240b0) Importer(815301076,1909f56bfc062723c751e8b465ee728b)
Start importing Assets/Scripts using Guid(67b6ab0b2e8539347ad4db28dff240b0) Importer(815301076,1909f56bfc062723c751e8b465ee728b)  -> (artifact id: '0fc29e8f7546dcf701de8eed43e96420') in 0.003524 seconds 
  Import took 0.005720 seconds .

========================================================================
Received Import Request.
  Time since last request: 32.933627 seconds.
  path: Assets/Scenes/SampleScene.unity
  artifactKey: Guid(9fc0d4010bbf28b4594072e72b8655ab) Importer(815301076,1909f56bfc062723c751e8b465ee728b)
Start importing Assets/Scenes/SampleScene.unity using Guid(9fc0d4010bbf28b4594072e72b8655ab) Importer(815301076,1909f56bfc062723c751e8b465ee728b)  -> (artifact id: '85059f4f9e1a832ed95adaa0d25c5c4c') in 0.003925 seconds 
  Import took 0.006117 seconds .

========================================================================
Received Import Request.
  Time since last request: 99.989711 seconds.
  path: Assets/Scenes
  artifactKey: Guid(8d96379821094804ebeb8e70f3df1a5b) Importer(815301076,1909f56bfc062723c751e8b465ee728b)
Start importing Assets/Scenes using Guid(8d96379821094804ebeb8e70f3df1a5b) Importer(815301076,1909f56bfc062723c751e8b465ee728b)  -> (artifact id: 'cb2958048d97824dd1c0c5ae5bb95eed') in 0.003565 seconds 
  Import took 0.005633 seconds .

========================================================================
Received Import Request.
  Time since last request: 52.550340 seconds.
  path: Assets/Art/boat.blend1
  artifactKey: Guid(1d37df10f5cf7cb4b8ab75aa746c8421) Importer(815301076,1909f56bfc062723c751e8b465ee728b)
Start importing Assets/Art/boat.blend1 using Guid(1d37df10f5cf7cb4b8ab75aa746c8421) Importer(815301076,1909f56bfc062723c751e8b465ee728b)  -> (artifact id: '81969563361599f8d51889dd1b5456d0') in 0.004945 seconds 
  Import took 0.007045 seconds .

========================================================================
Received Import Request.
  Time since last request: 1.770176 seconds.
  path: Assets/Art/boat.blend
  artifactKey: Guid(b86ad5b14cf6a7240970116eb2a96459) Importer(815301076,1909f56bfc062723c751e8b465ee728b)
Start importing Assets/Art/boat.blend using Guid(b86ad5b14cf6a7240970116eb2a96459) Importer(815301076,1909f56bfc062723c751e8b465ee728b)  -> (artifact id: 'eced131b7d7c27253558181ce499b3b7') in 0.005262 seconds 
  Import took 0.007542 seconds .

========================================================================
Received Import Request.
  Time since last request: 7.509950 seconds.
  path: Assets/Art/Materials
  artifactKey: Guid(9df534710b632e74cabecc514aed3479) Importer(815301076,1909f56bfc062723c751e8b465ee728b)
Start importing Assets/Art/Materials using Guid(9df534710b632e74cabecc514aed3479) Importer(815301076,1909f56bfc062723c751e8b465ee728b)  -> (artifact id: 'fb61c57f5e8acb1318058b4dae355767') in 0.003473 seconds 
  Import took 0.005369 seconds .

========================================================================
Received Import Request.
  Time since last request: 0.080370 seconds.
  path: Assets/Art/Materials/Boat.mat
  artifactKey: Guid(c508a6d558bf35f42b1a6dae77b19816) Importer(815301076,1909f56bfc062723c751e8b465ee728b)
Start importing Assets/Art/Materials/Boat.mat using Guid(c508a6d558bf35f42b1a6dae77b19816) Importer(815301076,1909f56bfc062723c751e8b465ee728b)  -> (artifact id: 'fc38f223e22bbb38b5d7e80588c63547') in 0.021704 seconds 
  Import took 0.023376 seconds .

========================================================================
Received Import Request.
  Time since last request: 0.000248 seconds.
  path: Assets/Art/Materials/Trash.mat
  artifactKey: Guid(1ba48afbad072ed49852b4c1297852ae) Importer(815301076,1909f56bfc062723c751e8b465ee728b)
Start importing Assets/Art/Materials/Trash.mat using Guid(1ba48afbad072ed49852b4c1297852ae) Importer(815301076,1909f56bfc062723c751e8b465ee728b)  -> (artifact id: '5e45989a29aca76681535667ccf65db1') in 0.104986 seconds 
  Import took 0.109341 seconds .

========================================================================
Received Import Request.
  Time since last request: 0.000280 seconds.
  path: Assets/Art/Materials/Dock_deck.mat
  artifactKey: Guid(29ac3e17623a8ff4e8e6383cbc48bea7) Importer(815301076,1909f56bfc062723c751e8b465ee728b)
Start importing Assets/Art/Materials/Dock_deck.mat using Guid(29ac3e17623a8ff4e8e6383cbc48bea7) Importer(815301076,1909f56bfc062723c751e8b465ee728b)  -> (artifact id: 'b4e5c97c5d100c66085d9fb23d67aed2') in 0.013773 seconds 
  Import took 0.015789 seconds .

========================================================================
Received Import Request.
  Time since last request: 0.000235 seconds.
  path: Assets/Art/Materials/Dock_frame.mat
  artifactKey: Guid(fe56320ed50fdd4468de8ffbdd8fd5a8) Importer(815301076,1909f56bfc062723c751e8b465ee728b)
Start importing Assets/Art/Materials/Dock_frame.mat using Guid(fe56320ed50fdd4468de8ffbdd8fd5a8) Importer(815301076,1909f56bfc062723c751e8b465ee728b)  -> (artifact id: '8d990f1b58b6d0fc55924b8f71d42a16') in 0.158799 seconds 
  Import took 0.160731 seconds .

========================================================================
Received Import Request.
  Time since last request: 0.000280 seconds.
  path: Assets/Art/Materials/Water.mat
  artifactKey: Guid(16c2215d7f0c16f4ab791400ba4d1d9b) Importer(815301076,1909f56bfc062723c751e8b465ee728b)
Start importing Assets/Art/Materials/Water.mat using Guid(16c2215d7f0c16f4ab791400ba4d1d9b) Importer(815301076,1909f56bfc062723c751e8b465ee728b)  -> (artifact id: '13df017ce75f314dbdc79e6e2d4991c2') in 0.013652 seconds 
  Import took 0.015458 seconds .

========================================================================
Received Import Request.
  Time since last request: 0.000228 seconds.
  path: Assets/Art/Materials/Wood.mat
  artifactKey: Guid(301cc4bfa8848c044ae9b9ad2c5a6bf6) Importer(815301076,1909f56bfc062723c751e8b465ee728b)
Start importing Assets/Art/Materials/Wood.mat using Guid(301cc4bfa8848c044ae9b9ad2c5a6bf6) Importer(815301076,1909f56bfc062723c751e8b465ee728b)  -> (artifact id: 'ef0c4616333c0d4a8ced5b64792afab1') in 0.010565 seconds 
  Import took 0.014210 seconds .

========================================================================
Received Prepare
Registering precompiled user dll's ...
Registered in 0.003495 seconds.
Begin MonoManager ReloadAssembly
Native extension for WindowsStandalone target not found
Native extension for OSXStandalone target not found
Native extension for WebGL target not found
Refreshing native plugins compatible for Editor in 0.36 ms, found 2 plugins.
Preloading 0 native plugins for Editor in 0.00 ms.
Mono: successfully reloaded assembly
- Completed reload, in  0.627 seconds
Domain Reload Profiling:
	ReloadAssembly (628ms)
		BeginReloadAssembly (99ms)
			ExecutionOrderSort (0ms)
			DisableScriptedObjects (3ms)
			BackupInstance (0ms)
			ReleaseScriptingObjects (0ms)
			CreateAndSetChildDomain (28ms)
		EndReloadAssembly (486ms)
			LoadAssemblies (60ms)
			RebuildTransferFunctionScriptingTraits (0ms)
			SetupTypeCache (165ms)
			ReleaseScriptCaches (1ms)
			RebuildScriptCaches (21ms)
			SetupLoadedEditorAssemblies (182ms)
				LogAssemblyErrors (0ms)
				InitializePlatformSupportModulesInManaged (4ms)
				SetLoadedEditorAssemblies (0ms)
				RefreshPlugins (0ms)
				BeforeProcessingInitializeOnLoad (49ms)
				ProcessInitializeOnLoadAttributes (116ms)
				ProcessInitializeOnLoadMethodAttributes (6ms)
				AfterProcessingInitializeOnLoad (6ms)
				EditorAssembliesLoaded (0ms)
			ExecutionOrderSort2 (0ms)
			AwakeInstancesAfterBackupRestoration (4ms)
Platform modules already initialized, skipping
Refreshing native plugins compatible for Editor in 0.26 ms, found 2 plugins.
Preloading 0 native plugins for Editor in 0.00 ms.
Unloading 1494 Unused Serialized files (Serialized files now loaded: 0)
System memory in use before: 71.4 MB.
System memory in use after: 71.5 MB.

Unloading 15 unused Assets to reduce memory usage. Loaded Objects now: 1977.
Total: 2.324100 ms (FindLiveObjects: 0.135500 ms CreateObjectMapping: 0.042100 ms MarkObjects: 2.124800 ms  DeleteObjects: 0.020900 ms)

AssetImportParameters requested are different than current active one (requested -> active):
  custom:framework-win-MediaFoundation: 216162199b28c13a410421893ffa2e32 -> 
  custom:video-decoder-ogg-theora: a1e56fd34408186e4bbccfd4996cb3dc -> 
  custom:container-muxer-webm: aa71ff27fc2769a1b78a27578f13a17b -> 
  custom:container-demuxer-webm: 4f35f7cbe854078d1ac9338744f61a02 -> 
  custom:container-demuxer-ogg: 62fdf1f143b41e24485cea50d1cbac27 -> 
  custom:video-encoder-webm-vp8: eb34c28f22e8b96e1ab97ce403110664 -> 
  custom:video-decoder-webm-vp8: 9c59270c3fd7afecdb556c50c9e8de78 -> 
  custom:audio-decoder-ogg-vorbis: bf7c407c2cedff20999df2af8eb42d56 -> 
  custom:audio-encoder-webm-vorbis: bf7c407c2cedff20999df2af8eb42d56 -> 
AssetImportWorkerClient::OnTransportError - code=2 error=End of file
